<?xml version="1.0" encoding="windows-1252" standalone="yes"?><first><second><third><fourth>!"ё$%^*()_+</fourth></third><third><fourth>ЯяСЗаимзс</fourth></third><third><fourth>;:'@#~[{]},.?/</fourth><fourth>HelloWorld</fourth></third></second><second><third><fourth>`╛╕|\/</fourth></third></second></first>