<first><second><third><fourth>!"£$%^*()_+</fourth></third><third><fourth>ñÑóúÁÉÍÚÓ</fourth></third><third><fourth>;:'@#~[{]},.?/</fourth><fourth>HelloWorld</fourth></third></second><second><third><fourth>`¬¦|\/</fourth></third></second></first>